This is pdfTeX, Version 3.1415926-2.5-1.40.14 (TeX Live 2013) (format=prv_document 2014.7.15)  15 JUL 2014 19:45
entering extended mode
 restricted \write18 enabled.
 %&-line parsing enabled.
**&prv_document _region_.tex
(./_region_.tex
LaTeX2e <2011/06/27>
Babel <3.9f> and hyphenation patterns for 78 languages loaded.
CUSTOMISED FORMAT. Preloaded files:
        .
 article.cls    2007/10/19 v1.4h Standard LaTeX document class
  size10.clo    2007/10/19 v1.4h Standard LaTeX file (size option)
amsfonts.sty    2013/01/14 v3.01 Basic AMSFonts support
inputenc.sty    2008/03/30 v1.1d Input encoding file
    utf8.def    2008/04/05 v1.1m UTF-8 support for inputenc
   t1enc.dfu    2008/04/05 v1.1m UTF-8 support for inputenc
  ot1enc.dfu    2008/04/05 v1.1m UTF-8 support for inputenc
  omsenc.dfu    2008/04/05 v1.1m UTF-8 support for inputenc
    umsa.fd    2013/01/14 v3.01 AMS symbols A
    umsb.fd    2013/01/14 v3.01 AMS symbols B
        .
No file _region_.aux.
LaTeX Font Info:    Checking defaults for OML/cmm/m/it on input line 6.
LaTeX Font Info:    ... okay on input line 6.
LaTeX Font Info:    Checking defaults for T1/cmr/m/n on input line 6.
LaTeX Font Info:    ... okay on input line 6.
LaTeX Font Info:    Checking defaults for OT1/cmr/m/n on input line 6.
LaTeX Font Info:    ... okay on input line 6.
LaTeX Font Info:    Checking defaults for OMS/cmsy/m/n on input line 6.
LaTeX Font Info:    ... okay on input line 6.
LaTeX Font Info:    Checking defaults for OMX/cmex/m/n on input line 6.
LaTeX Font Info:    ... okay on input line 6.
LaTeX Font Info:    Checking defaults for U/cmr/m/n on input line 6.
LaTeX Font Info:    ... okay on input line 6.
(/Users/leonardojofre/.emacs.d/elpa/auctex-11.87.5/latex/preview.sty
Package: preview 2010-02-14 CVS-1.126 (AUCTeX/preview-latex)

(/Users/leonardojofre/.emacs.d/elpa/auctex-11.87.5/latex/prtightpage.def
\PreviewBorder=\dimen103
)
(/Users/leonardojofre/.emacs.d/elpa/auctex-11.87.5/latex/prauctex.def
No auxiliary output files.


\hbadness=\count87
\hfuzz=\dimen104
(/Users/leonardojofre/.emacs.d/elpa/auctex-11.87.5/latex/prauctex.cfg))
(/Users/leonardojofre/.emacs.d/elpa/auctex-11.87.5/latex/prfootnotes.def)
\pr@snippet=\count88
\pr@box=\box26
\pr@output=\toks17

Preview: Fontsize 10pt
)
! Missing = inserted for \ifnum.
<to be read again> 
                   -
l.6 \begin{document}
                    
I was expecting to see `<', `=', or `>'. Didn't.

 !name(document.tex) !offset(-3)  (./prefacio.tex
! Preview: Snippet 1 started.
<-><->
      
l.19 	\item Reestimar el parametro $
                                    \alpha$ para la regularizaci贸n de Tycho...

Not a real error.

Preview: Tightpage -32891 -32891 32891 32891
! Preview: Snippet 1 ended.(282168+0x421661).
<-><->
      
l.19 	\item Reestimar el parametro $\alpha$
                                            para la regularizaci贸n de Tycho...

Not a real error.

[1]) (./planteamiento.tex
! Preview: Snippet 2 started.
<-><->
      
l.2 \section
            {Planteamiento del problema}
Not a real error.

! Preview: Snippet 2 ended.(655359+183500x22609920).
<-><->
      
l.2 \section{Planteamiento del problema}
                                        
Not a real error.

[2

]
! Preview: Snippet 3 started.
<-><->
      
l.4 Sea $
         p \in \mathbb{R}^3$ una particula que genera un campo escalar en
Not a real error.

! Preview: Snippet 3 ended.(533465+127431x1898035).
<-><->
      
l.4 Sea $p \in \mathbb{R}^3$
                             una particula que genera un campo escalar en
Not a real error.

[3]
! Preview: Snippet 4 started.
<-><->
      
l.5 la coordenada $
                   x$ de la forma $F(x-u)$ donde $u$ son las coordenadas de ...

Not a real error.

! Preview: Snippet 4 ended.(282168+0x374556).
<-><->
      
l.5 la coordenada $x$
                      de la forma $F(x-u)$ donde $u$ son las coordenadas de ...

Not a real error.

[4]
! Preview: Snippet 5 started.
<-><->
      
l.5 la coordenada $x$ de la forma $
                                   F(x-u)$ donde $u$ son las coordenadas de ...

Not a real error.

! Preview: Snippet 5 ended.(491520+163840x2572894).
<-><->
      
l.5 la coordenada $x$ de la forma $F(x-u)$
                                           donde $u$ son las coordenadas de ...

Not a real error.

[5]
! Preview: Snippet 6 started.
<-><->
      
l.5 la coordenada $x$ de la forma $F(x-u)$ donde $
                                                  u$ son las coordenadas de ...

Not a real error.

! Preview: Snippet 6 ended.(282168+0x375166).
<-><->
      
l.5 ...ordenada $x$ de la forma $F(x-u)$ donde $u$
                                                   son las coordenadas de $p$.
Not a real error.

[6]
! Preview: Snippet 7 started.
<-><->
      
l.5 ...$F(x-u)$ donde $u$ son las coordenadas de $
                                                  p$.
Not a real error.

! Preview: Snippet 7 ended.(282168+127431x329728).
<-><->
      
l.5 ...(x-u)$ donde $u$ son las coordenadas de $p$
                                                  .
Not a real error.

[7]
! Preview: Snippet 8 started.
<-><->
      
l.7 Si consideramos un volumen $
                                V$ compuesta por la superposici贸n de estas
Not a real error.

! Preview: Snippet 8 ended.(447828+0x527929).
<-><->
      
l.7 Si consideramos un volumen $V$
                                   compuesta por la superposici贸n de estas
Not a real error.

[8]
! Preview: Snippet 9 started.
<-><->
      
l.9 determinado por la siguiente integral: $
                                            $\psi(x)=\int_V
Not a real error.

! Preview: Snippet 9 ended.(1554674+0x22609920).
<-><->
      
l.10 \rho(u)F(x-u)dV$$
                       donde $\rho$ es una funci贸n que determina la
Not a real error.

[9]
! Preview: Snippet 10 started.
<-><->
      
l.10 \rho(u)F(x-u)dV$$ donde $
                              \rho$ es una funci贸n que determina la
Not a real error.

! Preview: Snippet 10 ended.(282168+127431x338831).
<-><->
      
l.10 \rho(u)F(x-u)dV$$ donde $\rho$
                                    es una funci贸n que determina la
Not a real error.

[10]
! Preview: Snippet 11 started.
<-><->
      
l.11 densidad del campo las coordenada $
                                        u$.
Not a real error.

! Preview: Snippet 11 ended.(282168+0x375166).
<-><->
      
l.11 densidad del campo las coordenada $u$
                                          .
Not a real error.

[11]
! Preview: Snippet 12 started.
<-><->
      
l.13 El c谩lculo del campo escalar $
                                    \psi$ en todo el medio es trivial, dado
Not a real error.

! Preview: Snippet 12 ended.(455111+127431x450409).
<-><->
      
l.13 El c谩lculo del campo escalar $\psi$
                                          en todo el medio es trivial, dado
Not a real error.

[12]
! Preview: Snippet 13 started.
<-><->
      
l.16 ...n. Podriamos decir entonces que volumen $
                                                  V$ es la causa que
Not a real error.

! Preview: Snippet 13 ended.(447828+0x527929).
<-><->
      
l.16 .... Podriamos decir entonces que volumen $V$
                                                   es la causa que
Not a real error.

[13]
! Preview: Snippet 14 started.
<-><->
      
l.18 ...l铆ticamente conociendo solo la funci贸n $
                                                  F$ y
Not a real error.

! Preview: Snippet 14 ended.(447828+0x512456).
<-><->
      
l.18 ...ticamente conociendo solo la funci贸n $F$
                                                   y
Not a real error.

[14]
! Preview: Snippet 15 started.
<-><->
      
l.19 $
      \rho$ que depender谩n de la naturaleza del fen贸meno.
Not a real error.

! Preview: Snippet 15 ended.(282168+127431x338831).
<-><->
      
l.19 $\rho$
            que depender谩n de la naturaleza del fen贸meno.
Not a real error.

[15]
! Preview: Snippet 16 started.
<-><->
      
l.22 $
      (x_i,\psi(x_i))$ los campos escalares producidos por un volumen $V$
Not a real error.

! Preview: Snippet 16 ended.(491520+163840x2946618).
<-><->
      
l.22 $(x_i,\psi(x_i))$
                       los campos escalares producidos por un volumen $V$
Not a real error.

[16]
! Preview: Snippet 17 started.
<-><->
      
l.22 ...mpos escalares producidos por un volumen $
                                                  V$
Not a real error.

! Preview: Snippet 17 ended.(447828+0x527929).
<-><->
      
l.22 ...os escalares producidos por un volumen $V$
                                                  
Not a real error.

[17]
! Preview: Snippet 18 started.
<-><->
      
l.25 \section
             {Problema computacional}
Not a real error.

! Preview: Snippet 18 ended.(655359+183500x22609920).
<-><->
      
l.25 \section{Problema computacional}
                                     
Not a real error.

[18

]
! Preview: Snippet 19 started.
<-><->
      
l.57 \section
             {Propuesta de soluci贸n}
Not a real error.

! Preview: Snippet 19 ended.(655359+183500x22609920).
<-><->
      
l.57 \section{Propuesta de soluci贸n}
                                     
Not a real error.

[19

]
! Preview: Snippet 20 started.
<-><->
      
l.66 inicial $
              \Omega$ que representa el volumen del s贸lido y que
Not a real error.

! Preview: Snippet 20 ended.(447828+0x473316).
<-><->
      
l.66 inicial $\Omega$
                      que representa el volumen del s贸lido y que
Not a real error.

[20]
! Preview: Snippet 21 started.
<-><->
      
l.70 $
      $I(\Omega) = \sum_i(\psi(x_i) - \int_\Omega F(x_i-u)dV)^2$$
Not a real error.

! Preview: Snippet 21 ended.(1796333+0x22609920).
<-><->
      
l.70 ..._i(\psi(x_i) - \int_\Omega F(x_i-u)dV)^2$$
                                                  
Not a real error.

[21]
! Preview: Snippet 22 started.
<-><->
      
l.74 $
      $I(\Omega) = \sum_i(\psi(x_i) - \frac{1}{3} \int_{\partial \Omega}\lef...

Not a real error.

! Preview: Snippet 22 ended.(2509947+0x22609920).
<-><->
      
l.75 ...(x_i-u) du_3 \right) \cdot \vec{n} dS)^2$$
                                                   donde $\vec{n}$ es el vector

Not a real error.

[22]
! Preview: Snippet 23 started.
<-><->
      
l.75 ...du_3 \right) \cdot \vec{n} dS)^2$$ donde $
                                                  \vec{n}$ es el vector
Not a real error.

! Preview: Snippet 23 ended.(468218+0x393370).
<-><->
      
l.75 ...ght) \cdot \vec{n} dS)^2$$ donde $\vec{n}$
                                                   es el vector
Not a real error.

[23]
! Preview: Snippet 24 started.
<-><->
      
l.78 \subsection
                {Modelo discretizado}
Not a real error.

! Preview: Snippet 24 ended.(546132+0x22609920).
<-><->
      
l.78 \subsection{Modelo discretizado}
                                     
Not a real error.

[24

]
! Preview: Snippet 25 started.
<-><->
      
l.79 Dado que el minimizador de $
                                 I$ se ha buscado de forma anal铆tica sin
Not a real error.

! Preview: Snippet 25 ended.(447828+0x339512).
<-><->
      
l.79 Dado que el minimizador de $I$
                                    se ha buscado de forma anal铆tica sin
Not a real error.

[25]
! Preview: Snippet 26 started.
<-><->
      
l.83 frontera $
               \Omega$.
Not a real error.

! Preview: Snippet 26 ended.(447828+0x473316).
<-><->
      
l.83 frontera $\Omega$
                      .
Not a real error.

[26]
! Preview: Snippet 27 started.
<-><->
      
l.85 Si consideramos $
                      \tilde \Omega$ una discretizaci贸n tetrahedrizada del
Not a real error.

! Preview: Snippet 27 ended.(603348+0x473316).
<-><->
      
l.85 Si consideramos $\tilde \Omega$
                                     una discretizaci贸n tetrahedrizada del
Not a real error.

[27]
! Preview: Snippet 28 started.
<-><->
      
l.86 dominio original $
                       \Omega$ donde se cumple la siguientes propiedades:
Not a real error.

! Preview: Snippet 28 ended.(447828+0x473316).
<-><->
      
l.86 dominio original $\Omega$
                               donde se cumple la siguientes propiedades:
Not a real error.

[28]
! Preview: Snippet 29 started.
<-><->
      
l.88 $
      $\bigcup_{T_i \in \tilde{\Omega}} T_i =  \tilde{\Omega}$$
Not a real error.

! Preview: Snippet 29 ended.(1811711+0x22609920).
<-><->
      
l.88 ...in \tilde{\Omega}} T_i =  \tilde{\Omega}$$
                                                  
Not a real error.

[29]
! Preview: Snippet 30 started.
<-><->
      
l.92 $
      $I(\Omega) = \sum_i(\psi(x_i) - \frac{1}{3} \sum_{u_j \in \partial \ti...

Not a real error.

! Preview: Snippet 30 ended.(2046555+0x22609920).
<-><->
      
l.93 S_k)^2$$
             
Not a real error.

[30]
! Preview: Snippet 31 started.
<-><->
      
l.95 En donde $
               u_j \in \partial \tilde \Omega$ significa que la suma se
Not a real error.

! Preview: Snippet 31 ended.(603348+187504x2309951).
<-><->
      
l.95 En donde $u_j \in \partial \tilde \Omega$
                                               significa que la suma se
Not a real error.

[31]
! Preview: Snippet 32 started.
<-><->
      
l.100 \subsection
                 {Rediscretizaci贸n}
Not a real error.

! Preview: Snippet 32 ended.(546132+0x22609920).
<-><->
      
l.100 \subsection{Rediscretizaci贸n}
                                    
Not a real error.

[32

]
! Preview: Snippet 33 started.
<-><->
      
l.101 ...dida que la frontera de discretizada de $
                                                  \Omega$ vaya
Not a real error.

! Preview: Snippet 33 ended.(447828+0x473316).
<-><->
      
l.101 ...e la frontera de discretizada de $\Omega$
                                                   vaya
Not a real error.

[33]
! Preview: Snippet 34 started.
<-><->
      
l.102 ...se hasta converger en el minimizador de $
                                                  I$ entonces la
Not a real error.

! Preview: Snippet 34 ended.(447828+0x339512).
<-><->
      
l.102 ... hasta converger en el minimizador de $I$
                                                   entonces la
Not a real error.

[34]
! Preview: Snippet 35 started.
<-><->
      
l.107 \subsection
                 {Restricciones y regularizaci贸n}
Not a real error.

! Preview: Snippet 35 ended.(546132+152916x22609920).
<-><->
      
l.107 \subsection{Restricciones y regularizaci贸n}
                                                  
Not a real error.

[35

]
! Preview: Snippet 36 started.
<-><->
      
l.121 \subsection
                 {M茅todo de Newton-Raphson paralelo}
Not a real error.

! Preview: Snippet 36 ended.(546132+152916x22609920).
<-><->
      
l.121 ...ction{M茅todo de Newton-Raphson paralelo}
                                                  
Not a real error.

[36

]
! Preview: Snippet 37 started.
<-><->
      
l.130 \section
              {Aplicaciones}
Not a real error.

! Preview: Snippet 37 ended.(655359+183500x22609920).
<-><->
      
l.130 \section{Aplicaciones}
                            
Not a real error.

[37

]
! Preview: Snippet 38 started.
<-><->
      
l.139 un mineral con una densidad $
                                   \rho$ genera alteraciones el un campo
Not a real error.

! Preview: Snippet 38 ended.(282168+127431x338831).
<-><->
      
l.139 un mineral con una densidad $\rho$
                                         genera alteraciones el un campo
Not a real error.

[38]
! Preview: Snippet 39 started.
<-><->
      
l.142 \section
              {Herramientas computacionales}
Not a real error.

! Preview: Snippet 39 ended.(655359+183500x22609920).
<-><->
      
l.142 \section{Herramientas computacionales}
                                            
Not a real error.

[39

]
! Preview: Snippet 40 started.
<-><->
      
l.145 \subsection
                 {tetgen}
Not a real error.

! Preview: Snippet 40 ended.(506811+152916x22609920).
<-><->
      
l.145 \subsection{tetgen}
                         
Not a real error.

[40

]
! Preview: Snippet 41 started.
<-><->
      
l.166 \subsection
                 {boost.Python}
Not a real error.

! Preview: Snippet 41 ended.(546132+152916x22609920).
<-><->
      
l.166 \subsection{boost.Python}
                               
Not a real error.

[41

]) (./teoria_problemas_inversos.tex
! Preview: Snippet 42 started.
<-><->
      
l.2 \section
            {Problemas inversos}
Not a real error.

! Preview: Snippet 42 ended.(655359+0x22609920).
<-><->
      
l.2 \section{Problemas inversos}
                                
Not a real error.

[42

]) ) 
Here is how much of TeX's memory you used:
 192 strings out of 492793
 2842 string characters out of 6131940
 64840 words of memory out of 5000000
 4177 multiletter control sequences out of 15000+600000
 8334 words of font info for 32 fonts, out of 8000000 for 9000
 957 hyphenation exceptions out of 8191
 22i,4n,22p,601b,125s stack positions out of 5000i,500n,10000p,200000b,80000s

Output written on _region_.dvi (42 pages, 7924 bytes).
